<?xml version="1.0" encoding="UTF-8"?>
<!-- Generated by org.testng.reporters.JUnitReportReporter -->
<testsuite hostname="LAPTOP-4U8EVBDV" failures="0" tests="3" name="com.example.AutomationTest" time="16.137" errors="0" timestamp="2023-07-21T12:00:08 IST" skipped="0">
  <testcase classname="com.example.AutomationTest" name="testRegistration" time="2.852"/>
  <testcase classname="com.example.AutomationTest" name="testLogin" time="0.456"/>
  <testcase classname="com.example.AutomationTest" name="amazonSearch" time="12.829"/>
</testsuite> <!-- com.example.AutomationTest -->
