<?xml version="1.0" encoding="UTF-8"?>
<!-- Generated by org.testng.reporters.JUnitReportReporter -->
<testsuite hostname="LAPTOP-4U8EVBDV" failures="0" tests="1" name="com.example.RegistrationTest" time="29.740" errors="0" timestamp="2023-07-21T15:00:32 IST" skipped="0">
  <testcase classname="com.example.RegistrationTest" name="addToCart" time="29.740"/>
</testsuite> <!-- com.example.RegistrationTest -->
