<?xml version="1.0" encoding="UTF-8"?>
<!-- Generated by org.testng.reporters.JUnitReportReporter -->
<testsuite hostname="GhostRider" failures="0" tests="4" name="com.example.TestAutomation" time="21.984" errors="0" timestamp="2024-03-10T23:40:29 IST" skipped="0">
  <testcase classname="com.example.TestAutomation" name="testRegistration" time="2.356"/>
  <testcase classname="com.example.TestAutomation" name="testLoginSuccess" time="1.530"/>
  <testcase classname="com.example.TestAutomation" name="flipkartSearch" time="12.427"/>
  <testcase classname="com.example.TestAutomation" name="addToCart" time="5.671"/>
</testsuite> <!-- com.example.TestAutomation -->
