<?xml version="1.0" encoding="UTF-8"?>
<!-- Generated by org.testng.reporters.JUnitReportReporter -->
<testsuite hostname="LAPTOP-4U8EVBDV" failures="0" tests="2" name="com.example.NewTest" time="0.010" errors="0" timestamp="2023-07-20T00:02:56 IST" skipped="0">
  <testcase classname="com.example.NewTest" name="Test2" time="0.003"/>
  <testcase classname="com.example.NewTest" name="Test1" time="0.007"/>
</testsuite> <!-- com.example.NewTest -->
